<?xml version="1.0" encoding="UTF-8"?>
<testsuite xmlns:xsi="http://www.w3.org/2001/XMLSchema-instance" xsi:noNamespaceSchemaLocation="https://maven.apache.org/surefire/maven-surefire-plugin/xsd/surefire-test-report.xsd" version="3.0.1" name="de.htwsaar.cantineplanner.dataAccess.DBConnectionTest" time="0.892" tests="10" errors="0" skipped="0" failures="0">
  <properties>
[...]
</properties>
  <testcase name="testAllMeals" classname="de.htwsaar.cantineplanner.dataAccess.DBConnectionTest" time="0.769">
    <system-out><![CDATA[Gericht: Caesar Salad
Preis: 3.99
Kalorien: 200
Allergene : null
Fleisch: null
---------
Gericht: Chicken Curry
Preis: 6.99
Kalorien: 550
Allergene : null
Fleisch: null
---------
Gericht: Vegetable Stir Fry
Preis: 4.99
Kalorien: 300
Allergene : null
Fleisch: null
---------
Gericht: Beef Burger
Preis: 7.49
Kalorien: 650
Allergene : null
Fleisch: null
---------
Gericht: Pasta Carbonara
Preis: 8.99
Kalorien: 850
Allergene : G,M,E
Fleisch: 0
---------
Gericht: Vegane Buddha Bowl
Preis: 10.5
Kalorien: 600
Allergene : S,T
Fleisch: 2
---------
Gericht: Hähnchen-Curry
Preis: 12.75
Kalorien: 900
Allergene : G,M
Fleisch: 0
---------
Gericht: Nussige Quinoa Bowl
Preis: 9.3
Kalorien: 750
Allergene : N,G,S
Fleisch: 1
---------
Gericht: Lachsfilet mit Gemüse
Preis: 14.2
Kalorien: 700
Allergene : F
Fleisch: 0
---------
Gericht: Test Meal
Preis: 10.0
Kalorien: 500
Allergene : None
Fleisch: null
---------
]]></system-out>
    <system-err><![CDATA[[main] INFO com.zaxxer.hikari.HikariDataSource - HikariPool-1 - Starting...
[main] INFO com.zaxxer.hikari.pool.HikariPool - HikariPool-1 - Added connection org.sqlite.jdbc4.JDBC4Connection@34b9f960
[main] INFO com.zaxxer.hikari.HikariDataSource - HikariPool-1 - Start completed.
[main] INFO org.jooq.Constants - 
                                      
@@@@@@@@@@@@@@@@@@@@@@@@@@@@@@@@@@@@@@
@@@@@@@@@@@@@@@@@@@@@@@@@@@@@@@@@@@@@@
@@@@@@@@@@@@@@@@  @@        @@@@@@@@@@
@@@@@@@@@@@@@@@@@@@@        @@@@@@@@@@
@@@@@@@@@@@@@@@@  @@  @@    @@@@@@@@@@
@@@@@@@@@@  @@@@  @@  @@    @@@@@@@@@@
@@@@@@@@@@        @@        @@@@@@@@@@
@@@@@@@@@@@@@@@@@@@@@@@@@@@@@@@@@@@@@@
@@@@@@@@@@@@@@@@@@@@@@@@@@@@@@@@@@@@@@
@@@@@@@@@@        @@        @@@@@@@@@@
@@@@@@@@@@    @@  @@  @@@@  @@@@@@@@@@
@@@@@@@@@@    @@  @@  @@@@  @@@@@@@@@@
@@@@@@@@@@        @@  @  @  @@@@@@@@@@
@@@@@@@@@@        @@        @@@@@@@@@@
@@@@@@@@@@@@@@@@@@@@@@@  @@@@@@@@@@@@@
@@@@@@@@@@@@@@@@@@@@@@@@@@@@@@@@@@@@@@
@@@@@@@@@@@@@@@@@@@@@@@@@@@@@@@@@@@@@@  Thank you for using jOOQ 3.19.18 (Build date: 2025-01-15T11:37:37Z)
                                      
[main] INFO org.jooq.Constants - 

jOOQ tip of the day: If you're using the code generator, you can profit from jOOQ's very useful implicit join syntax: https://blog.jooq.org/type-safe-implicit-join-through-path-navigation-in-jooq-3-11/

[main] INFO org.jooq.impl.DefaultExecuteContext.logVersionSupport - Version                  : Database version is supported by dialect SQLITE: 3.47.1
]]></system-err>
  </testcase>
  <testcase name="testReviewByMealId" classname="de.htwsaar.cantineplanner.dataAccess.DBConnectionTest" time="0.027">
    <system-out><![CDATA[Rating iD :4
Meal ID : 1
]]></system-out>
    <system-err><![CDATA[[main] INFO com.zaxxer.hikari.HikariDataSource - HikariPool-2 - Starting...
[main] INFO com.zaxxer.hikari.pool.HikariPool - HikariPool-2 - Added connection org.sqlite.jdbc4.JDBC4Connection@1fc0053e
[main] INFO com.zaxxer.hikari.HikariDataSource - HikariPool-2 - Start completed.
java.lang.IllegalArgumentException: Field "meals"."Name" is not contained in row type (
  "review"."rating_id",
  "review"."meal_id",
  "review"."rating",
  "review"."comment",
  "review"."created_at"
)
	at org.jooq.impl.Tools.indexFail(Tools.java:2233)
	at org.jooq.impl.AbstractRecord.get(AbstractRecord.java:336)
	at de.htwsaar.cantineplanner.dataAccess.DBConnection.lambda$reviewByMealiD$5(DBConnection.java:198)
	at java.base/java.lang.Iterable.forEach(Iterable.java:75)
	at de.htwsaar.cantineplanner.dataAccess.DBConnection.reviewByMealiD(DBConnection.java:194)
	at de.htwsaar.cantineplanner.dataAccess.DBConnectionTest.lambda$testReviewByMealId$6(DBConnectionTest.java:62)
	at org.junit.jupiter.api.AssertDoesNotThrow.assertDoesNotThrow(AssertDoesNotThrow.java:49)
	at org.junit.jupiter.api.AssertDoesNotThrow.assertDoesNotThrow(AssertDoesNotThrow.java:36)
	at org.junit.jupiter.api.Assertions.assertDoesNotThrow(Assertions.java:3199)
	at de.htwsaar.cantineplanner.dataAccess.DBConnectionTest.testReviewByMealId(DBConnectionTest.java:62)
	at java.base/jdk.internal.reflect.DirectMethodHandleAccessor.invoke(DirectMethodHandleAccessor.java:103)
	at java.base/java.lang.reflect.Method.invoke(Method.java:580)
	at org.junit.platform.commons.util.ReflectionUtils.invokeMethod(ReflectionUtils.java:767)
	at org.junit.jupiter.engine.execution.MethodInvocation.proceed(MethodInvocation.java:60)
	at org.junit.jupiter.engine.execution.InvocationInterceptorChain$ValidatingInvocation.proceed(InvocationInterceptorChain.java:131)
	at org.junit.jupiter.engine.extension.TimeoutExtension.intercept(TimeoutExtension.java:156)
	at org.junit.jupiter.engine.extension.TimeoutExtension.interceptTestableMethod(TimeoutExtension.java:147)
	at org.junit.jupiter.engine.extension.TimeoutExtension.interceptTestMethod(TimeoutExtension.java:86)
	at org.junit.jupiter.engine.execution.InterceptingExecutableInvoker$ReflectiveInterceptorCall.lambda$ofVoidMethod$0(InterceptingExecutableInvoker.java:103)
	at org.junit.jupiter.engine.execution.InterceptingExecutableInvoker.lambda$invoke$0(InterceptingExecutableInvoker.java:93)
	at org.junit.jupiter.engine.execution.InvocationInterceptorChain$InterceptedInvocation.proceed(InvocationInterceptorChain.java:106)
	at org.junit.jupiter.engine.execution.InvocationInterceptorChain.proceed(InvocationInterceptorChain.java:64)
	at org.junit.jupiter.engine.execution.InvocationInterceptorChain.chainAndInvoke(InvocationInterceptorChain.java:45)
	at org.junit.jupiter.engine.execution.InvocationInterceptorChain.invoke(InvocationInterceptorChain.java:37)
	at org.junit.jupiter.engine.execution.InterceptingExecutableInvoker.invoke(InterceptingExecutableInvoker.java:92)
	at org.junit.jupiter.engine.execution.InterceptingExecutableInvoker.invoke(InterceptingExecutableInvoker.java:86)
	at org.junit.jupiter.engine.descriptor.TestMethodTestDescriptor.lambda$invokeTestMethod$8(TestMethodTestDescriptor.java:217)
	at org.junit.platform.engine.support.hierarchical.ThrowableCollector.execute(ThrowableCollector.java:73)
	at org.junit.jupiter.engine.descriptor.TestMethodTestDescriptor.invokeTestMethod(TestMethodTestDescriptor.java:213)
	at org.junit.jupiter.engine.descriptor.TestMethodTestDescriptor.execute(TestMethodTestDescriptor.java:138)
	at org.junit.jupiter.engine.descriptor.TestMethodTestDescriptor.execute(TestMethodTestDescriptor.java:68)
	at org.junit.platform.engine.support.hierarchical.NodeTestTask.lambda$executeRecursively$6(NodeTestTask.java:156)
	at org.junit.platform.engine.support.hierarchical.ThrowableCollector.execute(ThrowableCollector.java:73)
	at org.junit.platform.engine.support.hierarchical.NodeTestTask.lambda$executeRecursively$8(NodeTestTask.java:146)
	at org.junit.platform.engine.support.hierarchical.Node.around(Node.java:137)
	at org.junit.platform.engine.support.hierarchical.NodeTestTask.lambda$executeRecursively$9(NodeTestTask.java:144)
	at org.junit.platform.engine.support.hierarchical.ThrowableCollector.execute(ThrowableCollector.java:73)
	at org.junit.platform.engine.support.hierarchical.NodeTestTask.executeRecursively(NodeTestTask.java:143)
	at org.junit.platform.engine.support.hierarchical.NodeTestTask.execute(NodeTestTask.java:100)
	at java.base/java.util.ArrayList.forEach(ArrayList.java:1597)
	at org.junit.platform.engine.support.hierarchical.SameThreadHierarchicalTestExecutorService.invokeAll(SameThreadHierarchicalTestExecutorService.java:41)
	at org.junit.platform.engine.support.hierarchical.NodeTestTask.lambda$executeRecursively$6(NodeTestTask.java:160)
	at org.junit.platform.engine.support.hierarchical.ThrowableCollector.execute(ThrowableCollector.java:73)
	at org.junit.platform.engine.support.hierarchical.NodeTestTask.lambda$executeRecursively$8(NodeTestTask.java:146)
	at org.junit.platform.engine.support.hierarchical.Node.around(Node.java:137)
	at org.junit.platform.engine.support.hierarchical.NodeTestTask.lambda$executeRecursively$9(NodeTestTask.java:144)
	at org.junit.platform.engine.support.hierarchical.ThrowableCollector.execute(ThrowableCollector.java:73)
	at org.junit.platform.engine.support.hierarchical.NodeTestTask.executeRecursively(NodeTestTask.java:143)
	at org.junit.platform.engine.support.hierarchical.NodeTestTask.execute(NodeTestTask.java:100)
	at java.base/java.util.ArrayList.forEach(ArrayList.java:1597)
	at org.junit.platform.engine.support.hierarchical.SameThreadHierarchicalTestExecutorService.invokeAll(SameThreadHierarchicalTestExecutorService.java:41)
	at org.junit.platform.engine.support.hierarchical.NodeTestTask.lambda$executeRecursively$6(NodeTestTask.java:160)
	at org.junit.platform.engine.support.hierarchical.ThrowableCollector.execute(ThrowableCollector.java:73)
	at org.junit.platform.engine.support.hierarchical.NodeTestTask.lambda$executeRecursively$8(NodeTestTask.java:146)
	at org.junit.platform.engine.support.hierarchical.Node.around(Node.java:137)
	at org.junit.platform.engine.support.hierarchical.NodeTestTask.lambda$executeRecursively$9(NodeTestTask.java:144)
	at org.junit.platform.engine.support.hierarchical.ThrowableCollector.execute(ThrowableCollector.java:73)
	at org.junit.platform.engine.support.hierarchical.NodeTestTask.executeRecursively(NodeTestTask.java:143)
	at org.junit.platform.engine.support.hierarchical.NodeTestTask.execute(NodeTestTask.java:100)
	at org.junit.platform.engine.support.hierarchical.SameThreadHierarchicalTestExecutorService.submit(SameThreadHierarchicalTestExecutorService.java:35)
	at org.junit.platform.engine.support.hierarchical.HierarchicalTestExecutor.execute(HierarchicalTestExecutor.java:57)
	at org.junit.platform.engine.support.hierarchical.HierarchicalTestEngine.execute(HierarchicalTestEngine.java:54)
	at org.junit.platform.launcher.core.EngineExecutionOrchestrator.execute(EngineExecutionOrchestrator.java:198)
	at org.junit.platform.launcher.core.EngineExecutionOrchestrator.execute(EngineExecutionOrchestrator.java:169)
	at org.junit.platform.launcher.core.EngineExecutionOrchestrator.execute(EngineExecutionOrchestrator.java:93)
	at org.junit.platform.launcher.core.EngineExecutionOrchestrator.lambda$execute$0(EngineExecutionOrchestrator.java:58)
	at org.junit.platform.launcher.core.EngineExecutionOrchestrator.withInterceptedStreams(EngineExecutionOrchestrator.java:141)
	at org.junit.platform.launcher.core.EngineExecutionOrchestrator.execute(EngineExecutionOrchestrator.java:57)
	at org.junit.platform.launcher.core.DefaultLauncher.execute(DefaultLauncher.java:103)
	at org.junit.platform.launcher.core.DefaultLauncher.execute(DefaultLauncher.java:85)
	at org.junit.platform.launcher.core.DelegatingLauncher.execute(DelegatingLauncher.java:47)
	at org.apache.maven.surefire.junitplatform.LazyLauncher.execute(LazyLauncher.java:56)
	at org.apache.maven.surefire.junitplatform.JUnitPlatformProvider.execute(JUnitPlatformProvider.java:184)
	at org.apache.maven.surefire.junitplatform.JUnitPlatformProvider.invokeAllTests(JUnitPlatformProvider.java:148)
	at org.apache.maven.surefire.junitplatform.JUnitPlatformProvider.invoke(JUnitPlatformProvider.java:122)
	at org.apache.maven.surefire.booter.ForkedBooter.runSuitesInProcess(ForkedBooter.java:385)
	at org.apache.maven.surefire.booter.ForkedBooter.execute(ForkedBooter.java:162)
	at org.apache.maven.surefire.booter.ForkedBooter.run(ForkedBooter.java:507)
	at org.apache.maven.surefire.booter.ForkedBooter.main(ForkedBooter.java:495)
]]></system-err>
  </testcase>
  <testcase name="testAddMeal" classname="de.htwsaar.cantineplanner.dataAccess.DBConnectionTest" time="0.032">
    <system-err><![CDATA[[main] INFO com.zaxxer.hikari.HikariDataSource - HikariPool-3 - Starting...
[main] INFO com.zaxxer.hikari.pool.HikariPool - HikariPool-3 - Added connection org.sqlite.jdbc4.JDBC4Connection@2fd1731c
[main] INFO com.zaxxer.hikari.HikariDataSource - HikariPool-3 - Start completed.
[main] INFO de.htwsaar.cantineplanner.dataAccess.DBConnection - Meal added: Test Meal, Allergy: None
]]></system-err>
  </testcase>
  <testcase name="testSearchMeal" classname="de.htwsaar.cantineplanner.dataAccess.DBConnectionTest" time="0.004">
    <system-out><![CDATA[Gericht: Test Meal
Preis: 10.0
Kalorien: 500
---------
Gericht: Test Meal
Preis: 10.0
Kalorien: 500
---------
]]></system-out>
    <system-err><![CDATA[[main] INFO com.zaxxer.hikari.HikariDataSource - HikariPool-4 - Starting...
[main] INFO com.zaxxer.hikari.pool.HikariPool - HikariPool-4 - Added connection org.sqlite.jdbc4.JDBC4Connection@3af4e0bf
[main] INFO com.zaxxer.hikari.HikariDataSource - HikariPool-4 - Start completed.
]]></system-err>
  </testcase>
  <testcase name="testReviewsByMealName" classname="de.htwsaar.cantineplanner.dataAccess.DBConnectionTest" time="0.019">
    <system-err><![CDATA[[main] INFO com.zaxxer.hikari.HikariDataSource - HikariPool-5 - Starting...
[main] INFO com.zaxxer.hikari.pool.HikariPool - HikariPool-5 - Added connection org.sqlite.jdbc4.JDBC4Connection@5aceec94
[main] INFO com.zaxxer.hikari.HikariDataSource - HikariPool-5 - Start completed.
]]></system-err>
  </testcase>
  <testcase name="testDeleteReview" classname="de.htwsaar.cantineplanner.dataAccess.DBConnectionTest" time="0.0">
    <system-out><![CDATA[Review with ID 1 deleted
]]></system-out>
    <system-err><![CDATA[[main] INFO com.zaxxer.hikari.HikariDataSource - HikariPool-6 - Starting...
[main] INFO com.zaxxer.hikari.pool.HikariPool - HikariPool-6 - Added connection org.sqlite.jdbc4.JDBC4Connection@3277e499
[main] INFO com.zaxxer.hikari.HikariDataSource - HikariPool-6 - Start completed.
]]></system-err>
  </testcase>
  <testcase name="testAddReview" classname="de.htwsaar.cantineplanner.dataAccess.DBConnectionTest" time="0.01">
    <system-out><![CDATA[Review added for meal with ID 1
]]></system-out>
    <system-err><![CDATA[[main] INFO com.zaxxer.hikari.HikariDataSource - HikariPool-7 - Starting...
[main] INFO com.zaxxer.hikari.pool.HikariPool - HikariPool-7 - Added connection org.sqlite.jdbc4.JDBC4Connection@fff25f1
[main] INFO com.zaxxer.hikari.HikariDataSource - HikariPool-7 - Start completed.
]]></system-err>
  </testcase>
  <testcase name="testDeleteMeal" classname="de.htwsaar.cantineplanner.dataAccess.DBConnectionTest" time="0.0">
    <system-out><![CDATA[Meal with ID 1 deleted
]]></system-out>
    <system-err><![CDATA[[main] INFO com.zaxxer.hikari.HikariDataSource - HikariPool-8 - Starting...
[main] INFO com.zaxxer.hikari.pool.HikariPool - HikariPool-8 - Added connection org.sqlite.jdbc4.JDBC4Connection@67af833b
[main] INFO com.zaxxer.hikari.HikariDataSource - HikariPool-8 - Start completed.
]]></system-err>
  </testcase>
  <testcase name="testMealDetails" classname="de.htwsaar.cantineplanner.dataAccess.DBConnectionTest" time="0.011">
    <system-err><![CDATA[[main] INFO com.zaxxer.hikari.HikariDataSource - HikariPool-9 - Starting...
[main] INFO com.zaxxer.hikari.pool.HikariPool - HikariPool-9 - Added connection org.sqlite.jdbc4.JDBC4Connection@3676ac27
[main] INFO com.zaxxer.hikari.HikariDataSource - HikariPool-9 - Start completed.
]]></system-err>
  </testcase>
  <testcase name="testAllReviews" classname="de.htwsaar.cantineplanner.dataAccess.DBConnectionTest" time="0.01">
    <system-out><![CDATA[Rating iD :2
Meal ID : 2
Meal Name :Caesar Salad
Allergy : null
Rating : 4
Comment : Frisch und gesund, würde ich wieder bestellen.
Date created : 2025-01-20T12:05
---------
Rating iD :3
Meal ID : 3
Meal Name :Chicken Curry
Allergy : null
Rating : 3
Comment : Etwas zu scharf für meinen Geschmack, aber gut.
Date created : 2025-01-20T12:10
---------
Rating iD :5
Meal ID : 4
Meal Name :Vegetable Stir Fry
Allergy : null
Rating : 4
Comment : Die Nüsse waren sehr knackig, tolles Gericht.
Date created : 2025-01-20T12:20
---------
Rating iD :6
Meal ID : 5
Meal Name :Beef Burger
Allergy : null
Rating : 5
Comment : Der Lachs war saftig und gut gewürzt.
Date created : 2025-01-20T12:25
---------
Rating iD :7
Meal ID : 2
Meal Name :Caesar Salad
Allergy : null
Rating : 3
Comment : Etwas zu viel Dressing, aber sonst lecker.
Date created : 2025-01-20T12:30
---------
Rating iD :8
Meal ID : 3
Meal Name :Chicken Curry
Allergy : null
Rating : 4
Comment : Portion war reichlich, könnte aber würziger sein.
Date created : 2025-01-20T12:35
---------
Rating iD :9
Meal ID : 4
Meal Name :Vegetable Stir Fry
Allergy : null
Rating : 5
Comment : Sehr sättigend und gesund!
Date created : 2025-01-20T12:40
---------
Rating iD :10
Meal ID : 5
Meal Name :Beef Burger
Allergy : null
Rating : 2
Comment : Zu teuer für die Portionsgröße.
Date created : 2025-01-20T12:45
---------
Rating iD :12
Meal ID : 2
Meal Name :Caesar Salad
Allergy : null
Rating : 5
Comment : null
Date created : 2025-01-20T13:05
---------
Rating iD :13
Meal ID : 3
Meal Name :Chicken Curry
Allergy : null
Rating : 3
Comment : null
Date created : 2025-01-20T13:10
---------
Rating iD :14
Meal ID : 4
Meal Name :Vegetable Stir Fry
Allergy : null
Rating : 2
Comment : null
Date created : 2025-01-20T13:15
---------
Rating iD :15
Meal ID : 5
Meal Name :Beef Burger
Allergy : null
Rating : 5
Comment : null
Date created : 2025-01-20T13:20
---------
Rating iD :16
Meal ID : 3
Meal Name :Chicken Curry
Allergy : null
Rating : 9
Comment : 
Date created : 2025-01-23T14:14:39
---------
]]></system-out>
    <system-err><![CDATA[[main] INFO com.zaxxer.hikari.HikariDataSource - HikariPool-10 - Starting...
[main] INFO com.zaxxer.hikari.pool.HikariPool - HikariPool-10 - Added connection org.sqlite.jdbc4.JDBC4Connection@ecf9049
[main] INFO com.zaxxer.hikari.HikariDataSource - HikariPool-10 - Start completed.
]]></system-err>
  </testcase>
</testsuite>